[0320/212831.525:ERROR:process_memory_win.cc(73)] ReadMemory at 0x7ff74cf40000 of 64 bytes failed: Only part of a ReadProcessMemory or WriteProcessMemory request was completed. (0x12B)
[0320/212831.525:WARNING:pe_image_reader.cc(340)] could not read dos header from C:\Program Files (x86)\Google\Chrome\Application\chrome.exe
[0320/212831.525:ERROR:process_memory_win.cc(73)] ReadMemory at 0x7fffcd140000 of 64 bytes failed: Only part of a ReadProcessMemory or WriteProcessMemory request was completed. (0x12B)
[0320/212831.525:WARNING:pe_image_reader.cc(340)] could not read dos header from C:\WINDOWS\SYSTEM32\ntdll.dll
[0320/212831.525:ERROR:process_memory_win.cc(73)] ReadMemory at 0x7fffcb530000 of 64 bytes failed: Only part of a ReadProcessMemory or WriteProcessMemory request was completed. (0x12B)
[0320/212831.525:WARNING:pe_image_reader.cc(340)] could not read dos header from C:\WINDOWS\System32\KERNEL32.DLL
[0320/212831.525:ERROR:process_memory_win.cc(73)] ReadMemory at 0x7fffca8a0000 of 64 bytes failed: Only part of a ReadProcessMemory or WriteProcessMemory request was completed. (0x12B)
[0320/212831.525:WARNING:pe_image_reader.cc(340)] could not read dos header from C:\WINDOWS\System32\KERNELBASE.dll
[0320/212831.525:ERROR:process_memory_win.cc(73)] ReadMemory at 0x7fff912a0000 of 64 bytes failed: Only part of a ReadProcessMemory or WriteProcessMemory request was completed. (0x12B)
[0320/212831.525:WARNING:pe_image_reader.cc(340)] could not read dos header from C:\Program Files (x86)\Google\Chrome\Application\80.0.3987.149\chrome_elf.dll
[0320/212831.525:ERROR:process_memory_win.cc(73)] ReadMemory at 0x7fffbe930000 of 64 bytes failed: Only part of a ReadProcessMemory or WriteProcessMemory request was completed. (0x12B)
[0320/212831.525:WARNING:pe_image_reader.cc(340)] could not read dos header from C:\WINDOWS\SYSTEM32\VERSION.dll
[0320/212831.525:ERROR:process_memory_win.cc(73)] ReadMemory at 0x7fffcb3b0000 of 64 bytes failed: Only part of a ReadProcessMemory or WriteProcessMemory request was completed. (0x12B)
[0320/212831.525:WARNING:pe_image_reader.cc(340)] could not read dos header from C:\WINDOWS\System32\msvcrt.dll
[0320/212831.525:ERROR:process_memory_win.cc(73)] ReadMemory at 0x7fffcb170000 of 64 bytes failed: Only part of a ReadProcessMemory or WriteProcessMemory request was completed. (0x12B)
[0320/212831.525:WARNING:pe_image_reader.cc(340)] could not read dos header from C:\WINDOWS\System32\bcryptPrimitives.dll
[0320/212831.525:ERROR:process_memory_win.cc(73)] ReadMemory at 0x7fffccd80000 of 64 bytes failed: Only part of a ReadProcessMemory or WriteProcessMemory request was completed. (0x12B)
[0320/212831.525:WARNING:pe_image_reader.cc(340)] could not read dos header from C:\WINDOWS\System32\ADVAPI32.dll
[0320/212831.525:ERROR:process_memory_win.cc(73)] ReadMemory at 0x7fffccf60000 of 64 bytes failed: Only part of a ReadProcessMemory or WriteProcessMemory request was completed. (0x12B)
[0320/212831.525:WARNING:pe_image_reader.cc(340)] could not read dos header from C:\WINDOWS\System32\sechost.dll
[0320/212831.525:ERROR:process_memory_win.cc(73)] ReadMemory at 0x7fffcce40000 of 64 bytes failed: Only part of a ReadProcessMemory or WriteProcessMemory request was completed. (0x12B)
[0320/212831.525:WARNING:pe_image_reader.cc(340)] could not read dos header from C:\WINDOWS\System32\RPCRT4.dll
[0320/212831.525:ERROR:process_memory_win.cc(73)] ReadMemory at 0x7fff59890000 of 64 bytes failed: Only part of a ReadProcessMemory or WriteProcessMemory request was completed. (0x12B)
[0320/212831.525:WARNING:pe_image_reader.cc(340)] could not read dos header from C:\Program Files (x86)\Google\Chrome\Application\80.0.3987.149\chrome.dll
[0320/212831.525:ERROR:process_memory_win.cc(73)] ReadMemory at 0x7fffcc6e0000 of 64 bytes failed: Only part of a ReadProcessMemory or WriteProcessMemory request was completed. (0x12B)
[0320/212831.525:WARNING:pe_image_reader.cc(340)] could not read dos header from C:\WINDOWS\System32\WS2_32.dll
[0320/212831.525:ERROR:process_memory_win.cc(73)] ReadMemory at 0x7fffcc4e0000 of 64 bytes failed: Only part of a ReadProcessMemory or WriteProcessMemory request was completed. (0x12B)
[0320/212831.525:WARNING:pe_image_reader.cc(340)] could not read dos header from C:\WINDOWS\System32\OLEAUT32.dll
[0320/212831.525:ERROR:process_memory_win.cc(73)] ReadMemory at 0x7fffcab50000 of 64 bytes failed: Only part of a ReadProcessMemory or WriteProcessMemory request was completed. (0x12B)
[0320/212831.525:WARNING:pe_image_reader.cc(340)] could not read dos header from C:\WINDOWS\System32\msvcp_win.dll
[0320/212831.525:ERROR:process_memory_win.cc(73)] ReadMemory at 0x7fffcae70000 of 64 bytes failed: Only part of a ReadProcessMemory or WriteProcessMemory request was completed. (0x12B)
[0320/212831.525:WARNING:pe_image_reader.cc(340)] could not read dos header from C:\WINDOWS\System32\ucrtbase.dll
[0320/212831.525:ERROR:process_memory_win.cc(73)] ReadMemory at 0x7fffcca40000 of 64 bytes failed: Only part of a ReadProcessMemory or WriteProcessMemory request was completed. (0x12B)
[0320/212831.525:WARNING:pe_image_reader.cc(340)] could not read dos header from C:\WINDOWS\System32\combase.dll
[0320/212831.525:ERROR:process_memory_win.cc(73)] ReadMemory at 0x7fffcae10000 of 64 bytes failed: Only part of a ReadProcessMemory or WriteProcessMemory request was completed. (0x12B)
[0320/212831.525:WARNING:pe_image_reader.cc(340)] could not read dos header from C:\WINDOWS\System32\WINTRUST.dll
[0320/212831.525:ERROR:process_memory_win.cc(73)] ReadMemory at 0x7fffca0b0000 of 64 bytes failed: Only part of a ReadProcessMemory or WriteProcessMemory request was completed. (0x12B)
[0320/212831.525:WARNING:pe_image_reader.cc(340)] could not read dos header from C:\WINDOWS\System32\MSASN1.dll
[0320/212831.525:ERROR:process_memory_win.cc(73)] ReadMemory at 0x7fffcac10000 of 64 bytes failed: Only part of a ReadProcessMemory or WriteProcessMemory request was completed. (0x12B)
[0320/212831.525:WARNING:pe_image_reader.cc(340)] could not read dos header from C:\WINDOWS\System32\CRYPT32.dll
[0320/212831.525:ERROR:process_memory_win.cc(73)] ReadMemory at 0x7fffc9580000 of 64 bytes failed: Only part of a ReadProcessMemory or WriteProcessMemory request was completed. (0x12B)
[0320/212831.525:WARNING:pe_image_reader.cc(340)] could not read dos header from C:\WINDOWS\SYSTEM32\IPHLPAPI.DLL
[0320/212831.525:ERROR:process_memory_win.cc(73)] ReadMemory at 0x7fffc3110000 of 64 bytes failed: Only part of a ReadProcessMemory or WriteProcessMemory request was completed. (0x12B)
[0320/212831.541:WARNING:pe_image_reader.cc(340)] could not read dos header from C:\WINDOWS\SYSTEM32\WINMM.dll
[0320/212831.541:ERROR:process_memory_win.cc(73)] ReadMemory at 0x7fffb2aa0000 of 64 bytes failed: Only part of a ReadProcessMemory or WriteProcessMemory request was completed. (0x12B)
[0320/212831.541:WARNING:pe_image_reader.cc(340)] could not read dos header from C:\WINDOWS\SYSTEM32\Secur32.dll
[0320/212831.541:ERROR:process_memory_win.cc(73)] ReadMemory at 0x7fffc9f20000 of 64 bytes failed: Only part of a ReadProcessMemory or WriteProcessMemory request was completed. (0x12B)
[0320/212831.541:WARNING:pe_image_reader.cc(340)] could not read dos header from C:\WINDOWS\SYSTEM32\USERENV.dll
[0320/212831.541:ERROR:process_memory_win.cc(73)] ReadMemory at 0x7fffca080000 of 64 bytes failed: Only part of a ReadProcessMemory or WriteProcessMemory request was completed. (0x12B)
[0320/212831.541:WARNING:pe_image_reader.cc(340)] could not read dos header from C:\WINDOWS\System32\profapi.dll
[0320/212831.541:ERROR:process_memory_win.cc(73)] ReadMemory at 0x7fff95e50000 of 64 bytes failed: Only part of a ReadProcessMemory or WriteProcessMemory request was completed. (0x12B)
[0320/212831.541:WARNING:pe_image_reader.cc(340)] could not read dos header from C:\WINDOWS\SYSTEM32\UIAutomationCore.DLL
[0320/212831.541:ERROR:process_memory_win.cc(73)] ReadMemory at 0x7fff9b950000 of 64 bytes failed: Only part of a ReadProcessMemory or WriteProcessMemory request was completed. (0x12B)
[0320/212831.541:WARNING:pe_image_reader.cc(340)] could not read dos header from C:\WINDOWS\SYSTEM32\DWrite.dll
[0320/212831.541:ERROR:process_memory_win.cc(73)] ReadMemory at 0x7fffb3c40000 of 64 bytes failed: Only part of a ReadProcessMemory or WriteProcessMemory request was completed. (0x12B)
[0320/212831.541:WARNING:pe_image_reader.cc(340)] could not read dos header from C:\WINDOWS\SYSTEM32\WINSPOOL.DRV
[0320/212831.541:ERROR:process_memory_win.cc(73)] ReadMemory at 0x7fffca010000 of 64 bytes failed: Only part of a ReadProcessMemory or WriteProcessMemory request was completed. (0x12B)
[0320/212831.541:WARNING:pe_image_reader.cc(340)] could not read dos header from C:\WINDOWS\System32\kernel.appcore.dll
[0320/212831.541:ERROR:process_memory_win.cc(73)] ReadMemory at 0x7fffcb140000 of 64 bytes failed: Only part of a ReadProcessMemory or WriteProcessMemory request was completed. (0x12B)
[0320/212831.541:WARNING:pe_image_reader.cc(340)] could not read dos header from C:\WINDOWS\System32\bcrypt.dll
[0320/212831.541:ERROR:process_memory_win.cc(73)] ReadMemory at 0x7fffc8930000 of 64 bytes failed: Only part of a ReadProcessMemory or WriteProcessMemory request was completed. (0x12B)
[0320/212831.541:WARNING:pe_image_reader.cc(340)] could not read dos header from C:\WINDOWS\SYSTEM32\dbghelp.dll
[0320/212831.541:ERROR:process_memory_win.cc(73)] ReadMemory at 0x7fffc21d0000 of 64 bytes failed: Only part of a ReadProcessMemory or WriteProcessMemory request was completed. (0x12B)
[0320/212831.541:WARNING:pe_image_reader.cc(340)] could not read dos header from C:\WINDOWS\SYSTEM32\WINHTTP.dll
[0320/212831.541:ERROR:process_memory_win.cc(73)] ReadMemory at 0x7fffbd820000 of 64 bytes failed: Only part of a ReadProcessMemory or WriteProcessMemory request was completed. (0x12B)
[0320/212831.541:WARNING:pe_image_reader.cc(340)] could not read dos header from C:\WINDOWS\SYSTEM32\dhcpcsvc.DLL
[0320/212831.541:ERROR:process_memory_win.cc(73)] ReadMemory at 0x7fffcb970000 of 64 bytes failed: Only part of a ReadProcessMemory or WriteProcessMemory request was completed. (0x12B)
[0320/212831.541:WARNING:pe_image_reader.cc(340)] could not read dos header from C:\WINDOWS\System32\NSI.dll
[0320/212831.541:ERROR:process_memory_win.cc(73)] ReadMemory at 0x7fffc30e0000 of 64 bytes failed: Only part of a ReadProcessMemory or WriteProcessMemory request was completed. (0x12B)
[0320/212831.541:WARNING:pe_image_reader.cc(340)] could not read dos header from C:\WINDOWS\SYSTEM32\WINMMBASE.dll
[0320/212831.541:ERROR:process_memory_win.cc(73)] ReadMemory at 0x7fffca850000 of 64 bytes failed: Only part of a ReadProcessMemory or WriteProcessMemory request was completed. (0x12B)
[0320/212831.541:WARNING:pe_image_reader.cc(340)] could not read dos header from C:\WINDOWS\System32\cfgmgr32.dll
[0320/212831.541:ERROR:process_memory_win.cc(73)] ReadMemory at 0x7fffc55c0000 of 64 bytes failed: Only part of a ReadProcessMemory or WriteProcessMemory request was completed. (0x12B)
[0320/212831.541:WARNING:pe_image_reader.cc(340)] could not read dos header from C:\WINDOWS\SYSTEM32\PROPSYS.dll
[0320/212831.541:ERROR:process_memory_win.cc(73)] ReadMemory at 0x7fffcc990000 of 64 bytes failed: Only part of a ReadProcessMemory or WriteProcessMemory request was completed. (0x12B)
[0320/212831.541:WARNING:pe_image_reader.cc(340)] could not read dos header from C:\WINDOWS\System32\shcore.dll
[0320/212831.541:ERROR:process_memory_win.cc(73)] ReadMemory at 0x7fffc9ef0000 of 64 bytes failed: Only part of a ReadProcessMemory or WriteProcessMemory request was completed. (0x12B)
[0320/212831.541:WARNING:pe_image_reader.cc(340)] could not read dos header from C:\WINDOWS\SYSTEM32\SSPICLI.DLL
[0320/212831.541:ERROR:process_memory_win.cc(73)] ReadMemory at 0x7fffcb980000 of 64 bytes failed: Only part of a ReadProcessMemory or WriteProcessMemory request was completed. (0x12B)
[0320/212831.541:WARNING:pe_image_reader.cc(340)] could not read dos header from C:\WINDOWS\System32\SHELL32.dll
[0320/212831.541:ERROR:process_memory_win.cc(73)] ReadMemory at 0x7fffca0d0000 of 64 bytes failed: Only part of a ReadProcessMemory or WriteProcessMemory request was completed. (0x12B)
[0320/212831.541:WARNING:pe_image_reader.cc(340)] could not read dos header from C:\WINDOWS\System32\windows.storage.dll
[0320/212831.541:ERROR:process_memory_win.cc(73)] ReadMemory at 0x7fffca030000 of 64 bytes failed: Only part of a ReadProcessMemory or WriteProcessMemory request was completed. (0x12B)
[0320/212831.541:WARNING:pe_image_reader.cc(340)] could not read dos header from C:\WINDOWS\System32\powrprof.dll
[0320/212831.541:ERROR:process_memory_win.cc(73)] ReadMemory at 0x7fffca000000 of 64 bytes failed: Only part of a ReadProcessMemory or WriteProcessMemory request was completed. (0x12B)
[0320/212831.541:WARNING:pe_image_reader.cc(340)] could not read dos header from C:\WINDOWS\System32\UMPDC.dll
[0320/212831.541:ERROR:process_memory_win.cc(73)] ReadMemory at 0x7fffcc930000 of 64 bytes failed: Only part of a ReadProcessMemory or WriteProcessMemory request was completed. (0x12B)
[0320/212831.541:WARNING:pe_image_reader.cc(340)] could not read dos header from C:\WINDOWS\System32\shlwapi.dll
[0320/212831.541:ERROR:process_memory_win.cc(73)] ReadMemory at 0x7fffcd0d0000 of 64 bytes failed: Only part of a ReadProcessMemory or WriteProcessMemory request was completed. (0x12B)
[0320/212831.541:WARNING:pe_image_reader.cc(340)] could not read dos header from C:\WINDOWS\System32\GDI32.dll
[0320/212831.541:ERROR:process_memory_win.cc(73)] ReadMemory at 0x7fffcb110000 of 64 bytes failed: Only part of a ReadProcessMemory or WriteProcessMemory request was completed. (0x12B)
[0320/212831.541:WARNING:pe_image_reader.cc(340)] could not read dos header from C:\WINDOWS\System32\win32u.dll
[0320/212831.541:ERROR:process_memory_win.cc(73)] ReadMemory at 0x7fffcaf70000 of 64 bytes failed: Only part of a ReadProcessMemory or WriteProcessMemory request was completed. (0x12B)
[0320/212831.541:WARNING:pe_image_reader.cc(340)] could not read dos header from C:\WINDOWS\System32\gdi32full.dll
[0320/212831.541:ERROR:process_memory_win.cc(73)] ReadMemory at 0x7fffcc750000 of 64 bytes failed: Only part of a ReadProcessMemory or WriteProcessMemory request was completed. (0x12B)
[0320/212831.541:WARNING:pe_image_reader.cc(340)] could not read dos header from C:\WINDOWS\System32\USER32.dll
[0320/212831.541:ERROR:process_memory_win.cc(73)] ReadMemory at 0x7fffcabf0000 of 64 bytes failed: Only part of a ReadProcessMemory or WriteProcessMemory request was completed. (0x12B)
[0320/212831.541:WARNING:pe_image_reader.cc(340)] could not read dos header from C:\WINDOWS\System32\cryptsp.dll
[0320/212831.541:ERROR:process_memory_win.cc(73)] ReadMemory at 0x7fffcc900000 of 64 bytes failed: Only part of a ReadProcessMemory or WriteProcessMemory request was completed. (0x12B)
[0320/212831.541:WARNING:pe_image_reader.cc(340)] could not read dos header from C:\WINDOWS\System32\IMM32.DLL
[0320/212831.541:ERROR:process_memory_win.cc(73)] ReadMemory at 0x7fffc9a40000 of 64 bytes failed: Only part of a ReadProcessMemory or WriteProcessMemory request was completed. (0x12B)
[0320/212831.541:WARNING:pe_image_reader.cc(340)] could not read dos header from C:\WINDOWS\SYSTEM32\CRYPTBASE.DLL
[0320/212831.541:ERROR:process_memory_win.cc(73)] ReadMemory at 0x7ff74cf40000 of 64 bytes failed: Only part of a ReadProcessMemory or WriteProcessMemory request was completed. (0x12B)
[0320/212831.541:WARNING:pe_image_reader.cc(340)] could not read dos header from C:\Program Files (x86)\Google\Chrome\Application\chrome.exe
[0320/212831.541:ERROR:process_memory_win.cc(73)] ReadMemory at 0x7fffcd140000 of 64 bytes failed: Only part of a ReadProcessMemory or WriteProcessMemory request was completed. (0x12B)
[0320/212831.541:WARNING:pe_image_reader.cc(340)] could not read dos header from C:\WINDOWS\SYSTEM32\ntdll.dll
[0320/212831.541:ERROR:process_memory_win.cc(73)] ReadMemory at 0x7fffcb530000 of 64 bytes failed: Only part of a ReadProcessMemory or WriteProcessMemory request was completed. (0x12B)
[0320/212831.541:WARNING:pe_image_reader.cc(340)] could not read dos header from C:\WINDOWS\System32\KERNEL32.DLL
[0320/212831.541:ERROR:process_memory_win.cc(73)] ReadMemory at 0x7fffca8a0000 of 64 bytes failed: Only part of a ReadProcessMemory or WriteProcessMemory request was completed. (0x12B)
[0320/212831.541:WARNING:pe_image_reader.cc(340)] could not read dos header from C:\WINDOWS\System32\KERNELBASE.dll
[0320/212831.541:ERROR:process_memory_win.cc(73)] ReadMemory at 0x7fff912a0000 of 64 bytes failed: Only part of a ReadProcessMemory or WriteProcessMemory request was completed. (0x12B)
[0320/212831.541:WARNING:pe_image_reader.cc(340)] could not read dos header from C:\Program Files (x86)\Google\Chrome\Application\80.0.3987.149\chrome_elf.dll
[0320/212831.541:ERROR:process_memory_win.cc(73)] ReadMemory at 0x7fffbe930000 of 64 bytes failed: Only part of a ReadProcessMemory or WriteProcessMemory request was completed. (0x12B)
[0320/212831.541:WARNING:pe_image_reader.cc(340)] could not read dos header from C:\WINDOWS\SYSTEM32\VERSION.dll
[0320/212831.541:ERROR:process_memory_win.cc(73)] ReadMemory at 0x7fffcb3b0000 of 64 bytes failed: Only part of a ReadProcessMemory or WriteProcessMemory request was completed. (0x12B)
[0320/212831.541:WARNING:pe_image_reader.cc(340)] could not read dos header from C:\WINDOWS\System32\msvcrt.dll
[0320/212831.541:ERROR:process_memory_win.cc(73)] ReadMemory at 0x7fffcb170000 of 64 bytes failed: Only part of a ReadProcessMemory or WriteProcessMemory request was completed. (0x12B)
[0320/212831.541:WARNING:pe_image_reader.cc(340)] could not read dos header from C:\WINDOWS\System32\bcryptPrimitives.dll
[0320/212831.541:ERROR:process_memory_win.cc(73)] ReadMemory at 0x7fffccd80000 of 64 bytes failed: Only part of a ReadProcessMemory or WriteProcessMemory request was completed. (0x12B)
[0320/212831.541:WARNING:pe_image_reader.cc(340)] could not read dos header from C:\WINDOWS\System32\ADVAPI32.dll
[0320/212831.541:ERROR:process_memory_win.cc(73)] ReadMemory at 0x7fffccf60000 of 64 bytes failed: Only part of a ReadProcessMemory or WriteProcessMemory request was completed. (0x12B)
[0320/212831.541:WARNING:pe_image_reader.cc(340)] could not read dos header from C:\WINDOWS\System32\sechost.dll
[0320/212831.541:ERROR:process_memory_win.cc(73)] ReadMemory at 0x7fffcce40000 of 64 bytes failed: Only part of a ReadProcessMemory or WriteProcessMemory request was completed. (0x12B)
[0320/212831.541:WARNING:pe_image_reader.cc(340)] could not read dos header from C:\WINDOWS\System32\RPCRT4.dll
[0320/212831.541:ERROR:process_memory_win.cc(73)] ReadMemory at 0x7fff59890000 of 64 bytes failed: Only part of a ReadProcessMemory or WriteProcessMemory request was completed. (0x12B)
[0320/212831.541:WARNING:pe_image_reader.cc(340)] could not read dos header from C:\Program Files (x86)\Google\Chrome\Application\80.0.3987.149\chrome.dll
[0320/212831.541:ERROR:process_memory_win.cc(73)] ReadMemory at 0x7fffcc6e0000 of 64 bytes failed: Only part of a ReadProcessMemory or WriteProcessMemory request was completed. (0x12B)
[0320/212831.541:WARNING:pe_image_reader.cc(340)] could not read dos header from C:\WINDOWS\System32\WS2_32.dll
[0320/212831.541:ERROR:process_memory_win.cc(73)] ReadMemory at 0x7fffcc4e0000 of 64 bytes failed: Only part of a ReadProcessMemory or WriteProcessMemory request was completed. (0x12B)
[0320/212831.541:WARNING:pe_image_reader.cc(340)] could not read dos header from C:\WINDOWS\System32\OLEAUT32.dll
[0320/212831.541:ERROR:process_memory_win.cc(73)] ReadMemory at 0x7fffcab50000 of 64 bytes failed: Only part of a ReadProcessMemory or WriteProcessMemory request was completed. (0x12B)
[0320/212831.541:WARNING:pe_image_reader.cc(340)] could not read dos header from C:\WINDOWS\System32\msvcp_win.dll
[0320/212831.541:ERROR:process_memory_win.cc(73)] ReadMemory at 0x7fffcae70000 of 64 bytes failed: Only part of a ReadProcessMemory or WriteProcessMemory request was completed. (0x12B)
[0320/212831.541:WARNING:pe_image_reader.cc(340)] could not read dos header from C:\WINDOWS\System32\ucrtbase.dll
[0320/212831.541:ERROR:process_memory_win.cc(73)] ReadMemory at 0x7fffcca40000 of 64 bytes failed: Only part of a ReadProcessMemory or WriteProcessMemory request was completed. (0x12B)
[0320/212831.541:WARNING:pe_image_reader.cc(340)] could not read dos header from C:\WINDOWS\System32\combase.dll
[0320/212831.541:ERROR:process_memory_win.cc(73)] ReadMemory at 0x7fffcae10000 of 64 bytes failed: Only part of a ReadProcessMemory or WriteProcessMemory request was completed. (0x12B)
[0320/212831.541:WARNING:pe_image_reader.cc(340)] could not read dos header from C:\WINDOWS\System32\WINTRUST.dll
[0320/212831.541:ERROR:process_memory_win.cc(73)] ReadMemory at 0x7fffca0b0000 of 64 bytes failed: Only part of a ReadProcessMemory or WriteProcessMemory request was completed. (0x12B)
[0320/212831.541:WARNING:pe_image_reader.cc(340)] could not read dos header from C:\WINDOWS\System32\MSASN1.dll
[0320/212831.541:ERROR:process_memory_win.cc(73)] ReadMemory at 0x7fffcac10000 of 64 bytes failed: Only part of a ReadProcessMemory or WriteProcessMemory request was completed. (0x12B)
[0320/212831.541:WARNING:pe_image_reader.cc(340)] could not read dos header from C:\WINDOWS\System32\CRYPT32.dll
[0320/212831.541:ERROR:process_memory_win.cc(73)] ReadMemory at 0x7fffc9580000 of 64 bytes failed: Only part of a ReadProcessMemory or WriteProcessMemory request was completed. (0x12B)
[0320/212831.541:WARNING:pe_image_reader.cc(340)] could not read dos header from C:\WINDOWS\SYSTEM32\IPHLPAPI.DLL
[0320/212831.541:ERROR:process_memory_win.cc(73)] ReadMemory at 0x7fffc3110000 of 64 bytes failed: Only part of a ReadProcessMemory or WriteProcessMemory request was completed. (0x12B)
[0320/212831.541:WARNING:pe_image_reader.cc(340)] could not read dos header from C:\WINDOWS\SYSTEM32\WINMM.dll
[0320/212831.541:ERROR:process_memory_win.cc(73)] ReadMemory at 0x7fffb2aa0000 of 64 bytes failed: Only part of a ReadProcessMemory or WriteProcessMemory request was completed. (0x12B)
[0320/212831.541:WARNING:pe_image_reader.cc(340)] could not read dos header from C:\WINDOWS\SYSTEM32\Secur32.dll
[0320/212831.541:ERROR:process_memory_win.cc(73)] ReadMemory at 0x7fffc9f20000 of 64 bytes failed: Only part of a ReadProcessMemory or WriteProcessMemory request was completed. (0x12B)
[0320/212831.541:WARNING:pe_image_reader.cc(340)] could not read dos header from C:\WINDOWS\SYSTEM32\USERENV.dll
[0320/212831.541:ERROR:process_memory_win.cc(73)] ReadMemory at 0x7fffca080000 of 64 bytes failed: Only part of a ReadProcessMemory or WriteProcessMemory request was completed. (0x12B)
[0320/212831.541:WARNING:pe_image_reader.cc(340)] could not read dos header from C:\WINDOWS\System32\profapi.dll
[0320/212831.541:ERROR:process_memory_win.cc(73)] ReadMemory at 0x7fff95e50000 of 64 bytes failed: Only part of a ReadProcessMemory or WriteProcessMemory request was completed. (0x12B)
[0320/212831.541:WARNING:pe_image_reader.cc(340)] could not read dos header from C:\WINDOWS\SYSTEM32\UIAutomationCore.DLL
[0320/212831.541:ERROR:process_memory_win.cc(73)] ReadMemory at 0x7fff9b950000 of 64 bytes failed: Only part of a ReadProcessMemory or WriteProcessMemory request was completed. (0x12B)
[0320/212831.541:WARNING:pe_image_reader.cc(340)] could not read dos header from C:\WINDOWS\SYSTEM32\DWrite.dll
[0320/212831.541:ERROR:process_memory_win.cc(73)] ReadMemory at 0x7fffb3c40000 of 64 bytes failed: Only part of a ReadProcessMemory or WriteProcessMemory request was completed. (0x12B)
[0320/212831.541:WARNING:pe_image_reader.cc(340)] could not read dos header from C:\WINDOWS\SYSTEM32\WINSPOOL.DRV
[0320/212831.541:ERROR:process_memory_win.cc(73)] ReadMemory at 0x7fffca010000 of 64 bytes failed: Only part of a ReadProcessMemory or WriteProcessMemory request was completed. (0x12B)
[0320/212831.541:WARNING:pe_image_reader.cc(340)] could not read dos header from C:\WINDOWS\System32\kernel.appcore.dll
[0320/212831.541:ERROR:process_memory_win.cc(73)] ReadMemory at 0x7fffcb140000 of 64 bytes failed: Only part of a ReadProcessMemory or WriteProcessMemory request was completed. (0x12B)
[0320/212831.541:WARNING:pe_image_reader.cc(340)] could not read dos header from C:\WINDOWS\System32\bcrypt.dll
[0320/212831.541:ERROR:process_memory_win.cc(73)] ReadMemory at 0x7fffc8930000 of 64 bytes failed: Only part of a ReadProcessMemory or WriteProcessMemory request was completed. (0x12B)
[0320/212831.541:WARNING:pe_image_reader.cc(340)] could not read dos header from C:\WINDOWS\SYSTEM32\dbghelp.dll
[0320/212831.541:ERROR:process_memory_win.cc(73)] ReadMemory at 0x7fffc21d0000 of 64 bytes failed: Only part of a ReadProcessMemory or WriteProcessMemory request was completed. (0x12B)
[0320/212831.541:WARNING:pe_image_reader.cc(340)] could not read dos header from C:\WINDOWS\SYSTEM32\WINHTTP.dll
[0320/212831.541:ERROR:process_memory_win.cc(73)] ReadMemory at 0x7fffbd820000 of 64 bytes failed: Only part of a ReadProcessMemory or WriteProcessMemory request was completed. (0x12B)
[0320/212831.541:WARNING:pe_image_reader.cc(340)] could not read dos header from C:\WINDOWS\SYSTEM32\dhcpcsvc.DLL
[0320/212831.541:ERROR:process_memory_win.cc(73)] ReadMemory at 0x7fffcb970000 of 64 bytes failed: Only part of a ReadProcessMemory or WriteProcessMemory request was completed. (0x12B)
[0320/212831.541:WARNING:pe_image_reader.cc(340)] could not read dos header from C:\WINDOWS\System32\NSI.dll
[0320/212831.541:ERROR:process_memory_win.cc(73)] ReadMemory at 0x7fffc30e0000 of 64 bytes failed: Only part of a ReadProcessMemory or WriteProcessMemory request was completed. (0x12B)
[0320/212831.541:WARNING:pe_image_reader.cc(340)] could not read dos header from C:\WINDOWS\SYSTEM32\WINMMBASE.dll
[0320/212831.541:ERROR:process_memory_win.cc(73)] ReadMemory at 0x7fffca850000 of 64 bytes failed: Only part of a ReadProcessMemory or WriteProcessMemory request was completed. (0x12B)
[0320/212831.541:WARNING:pe_image_reader.cc(340)] could not read dos header from C:\WINDOWS\System32\cfgmgr32.dll
[0320/212831.541:ERROR:process_memory_win.cc(73)] ReadMemory at 0x7fffc55c0000 of 64 bytes failed: Only part of a ReadProcessMemory or WriteProcessMemory request was completed. (0x12B)
[0320/212831.541:WARNING:pe_image_reader.cc(340)] could not read dos header from C:\WINDOWS\SYSTEM32\PROPSYS.dll
[0320/212831.541:ERROR:process_memory_win.cc(73)] ReadMemory at 0x7fffcc990000 of 64 bytes failed: Only part of a ReadProcessMemory or WriteProcessMemory request was completed. (0x12B)
[0320/212831.541:WARNING:pe_image_reader.cc(340)] could not read dos header from C:\WINDOWS\System32\shcore.dll
[0320/212831.541:ERROR:process_memory_win.cc(73)] ReadMemory at 0x7fffc9ef0000 of 64 bytes failed: Only part of a ReadProcessMemory or WriteProcessMemory request was completed. (0x12B)
[0320/212831.541:WARNING:pe_image_reader.cc(340)] could not read dos header from C:\WINDOWS\SYSTEM32\SSPICLI.DLL
[0320/212831.541:ERROR:process_memory_win.cc(73)] ReadMemory at 0x7fffcb980000 of 64 bytes failed: Only part of a ReadProcessMemory or WriteProcessMemory request was completed. (0x12B)
[0320/212831.541:WARNING:pe_image_reader.cc(340)] could not read dos header from C:\WINDOWS\System32\SHELL32.dll
[0320/212831.541:ERROR:process_memory_win.cc(73)] ReadMemory at 0x7fffca0d0000 of 64 bytes failed: Only part of a ReadProcessMemory or WriteProcessMemory request was completed. (0x12B)
[0320/212831.541:WARNING:pe_image_reader.cc(340)] could not read dos header from C:\WINDOWS\System32\windows.storage.dll
[0320/212831.541:ERROR:process_memory_win.cc(73)] ReadMemory at 0x7fffca030000 of 64 bytes failed: Only part of a ReadProcessMemory or WriteProcessMemory request was completed. (0x12B)
[0320/212831.541:WARNING:pe_image_reader.cc(340)] could not read dos header from C:\WINDOWS\System32\powrprof.dll
[0320/212831.541:ERROR:process_memory_win.cc(73)] ReadMemory at 0x7fffca000000 of 64 bytes failed: Only part of a ReadProcessMemory or WriteProcessMemory request was completed. (0x12B)
[0320/212831.541:WARNING:pe_image_reader.cc(340)] could not read dos header from C:\WINDOWS\System32\UMPDC.dll
[0320/212831.541:ERROR:process_memory_win.cc(73)] ReadMemory at 0x7fffcc930000 of 64 bytes failed: Only part of a ReadProcessMemory or WriteProcessMemory request was completed. (0x12B)
[0320/212831.541:WARNING:pe_image_reader.cc(340)] could not read dos header from C:\WINDOWS\System32\shlwapi.dll
[0320/212831.541:ERROR:process_memory_win.cc(73)] ReadMemory at 0x7fffcd0d0000 of 64 bytes failed: Only part of a ReadProcessMemory or WriteProcessMemory request was completed. (0x12B)
[0320/212831.541:WARNING:pe_image_reader.cc(340)] could not read dos header from C:\WINDOWS\System32\GDI32.dll
[0320/212831.541:ERROR:process_memory_win.cc(73)] ReadMemory at 0x7fffcb110000 of 64 bytes failed: Only part of a ReadProcessMemory or WriteProcessMemory request was completed. (0x12B)
[0320/212831.541:WARNING:pe_image_reader.cc(340)] could not read dos header from C:\WINDOWS\System32\win32u.dll
[0320/212831.541:ERROR:process_memory_win.cc(73)] ReadMemory at 0x7fffcaf70000 of 64 bytes failed: Only part of a ReadProcessMemory or WriteProcessMemory request was completed. (0x12B)
[0320/212831.541:WARNING:pe_image_reader.cc(340)] could not read dos header from C:\WINDOWS\System32\gdi32full.dll
[0320/212831.541:ERROR:process_memory_win.cc(73)] ReadMemory at 0x7fffcc750000 of 64 bytes failed: Only part of a ReadProcessMemory or WriteProcessMemory request was completed. (0x12B)
[0320/212831.541:WARNING:pe_image_reader.cc(340)] could not read dos header from C:\WINDOWS\System32\USER32.dll
[0320/212831.541:ERROR:process_memory_win.cc(73)] ReadMemory at 0x7fffcabf0000 of 64 bytes failed: Only part of a ReadProcessMemory or WriteProcessMemory request was completed. (0x12B)
[0320/212831.541:WARNING:pe_image_reader.cc(340)] could not read dos header from C:\WINDOWS\System32\cryptsp.dll
[0320/212831.541:ERROR:process_memory_win.cc(73)] ReadMemory at 0x7fffcc900000 of 64 bytes failed: Only part of a ReadProcessMemory or WriteProcessMemory request was completed. (0x12B)
[0320/212831.541:WARNING:pe_image_reader.cc(340)] could not read dos header from C:\WINDOWS\System32\IMM32.DLL
[0320/212831.541:ERROR:process_memory_win.cc(73)] ReadMemory at 0x7fffc9a40000 of 64 bytes failed: Only part of a ReadProcessMemory or WriteProcessMemory request was completed. (0x12B)
[0320/212831.541:WARNING:pe_image_reader.cc(340)] could not read dos header from C:\WINDOWS\SYSTEM32\CRYPTBASE.DLL
[0320/212831.541:ERROR:process_memory_win.cc(73)] ReadMemory at 0x77421f2000 of 57344 bytes failed: Only part of a ReadProcessMemory or WriteProcessMemory request was completed. (0x12B)
[0320/212831.541:ERROR:process_memory_win.cc(73)] ReadMemory at 0x77429fd000 of 12288 bytes failed: Only part of a ReadProcessMemory or WriteProcessMemory request was completed. (0x12B)
[0320/212831.541:ERROR:process_memory_win.cc(73)] ReadMemory at 0x77431f4000 of 49152 bytes failed: Only part of a ReadProcessMemory or WriteProcessMemory request was completed. (0x12B)
[0320/212831.541:ERROR:process_memory_win.cc(73)] ReadMemory at 0x77439fc000 of 16384 bytes failed: Only part of a ReadProcessMemory or WriteProcessMemory request was completed. (0x12B)
[0320/212831.541:ERROR:process_memory_win.cc(73)] ReadMemory at 0x77441fc000 of 16384 bytes failed: Only part of a ReadProcessMemory or WriteProcessMemory request was completed. (0x12B)
[0320/212831.541:ERROR:process_memory_win.cc(73)] ReadMemory at 0x77449ff000 of 4096 bytes failed: Only part of a ReadProcessMemory or WriteProcessMemory request was completed. (0x12B)
[0320/212831.541:ERROR:process_memory_win.cc(73)] ReadMemory at 0x77451fd000 of 12288 bytes failed: Only part of a ReadProcessMemory or WriteProcessMemory request was completed. (0x12B)
[0320/212831.541:ERROR:process_memory_win.cc(73)] ReadMemory at 0x77459fb000 of 20480 bytes failed: Only part of a ReadProcessMemory or WriteProcessMemory request was completed. (0x12B)
[0320/212831.541:ERROR:process_memory_win.cc(73)] ReadMemory at 0x77461fb000 of 20480 bytes failed: Only part of a ReadProcessMemory or WriteProcessMemory request was completed. (0x12B)
[0320/212831.541:ERROR:process_memory_win.cc(73)] ReadMemory at 0x77469f7000 of 36864 bytes failed: Only part of a ReadProcessMemory or WriteProcessMemory request was completed. (0x12B)
[0320/212831.541:ERROR:process_memory_win.cc(73)] ReadMemory at 0x77471f6000 of 40960 bytes failed: Only part of a ReadProcessMemory or WriteProcessMemory request was completed. (0x12B)
[0320/212831.541:ERROR:process_memory_win.cc(73)] ReadMemory at 0x77479fd000 of 12288 bytes failed: Only part of a ReadProcessMemory or WriteProcessMemory request was completed. (0x12B)
[0320/212831.541:ERROR:process_memory_win.cc(73)] ReadMemory at 0x77481fd000 of 12288 bytes failed: Only part of a ReadProcessMemory or WriteProcessMemory request was completed. (0x12B)
[0320/212831.541:ERROR:process_memory_win.cc(73)] ReadMemory at 0x77489fd000 of 12288 bytes failed: Only part of a ReadProcessMemory or WriteProcessMemory request was completed. (0x12B)
[0320/212831.541:ERROR:process_memory_win.cc(73)] ReadMemory at 0x77491fc000 of 16384 bytes failed: Only part of a ReadProcessMemory or WriteProcessMemory request was completed. (0x12B)
[0320/212831.541:ERROR:process_memory_win.cc(73)] ReadMemory at 0x77499fd000 of 12288 bytes failed: Only part of a ReadProcessMemory or WriteProcessMemory request was completed. (0x12B)
[0320/212831.541:ERROR:process_memory_win.cc(73)] ReadMemory at 0x7741802000 of 852 bytes failed: Only part of a ReadProcessMemory or WriteProcessMemory request was completed. (0x12B)
[0320/212831.541:ERROR:process_memory_win.cc(73)] ReadMemory at 0x7741803000 of 6024 bytes failed: Only part of a ReadProcessMemory or WriteProcessMemory request was completed. (0x12B)
[0320/212831.541:ERROR:process_memory_win.cc(73)] ReadMemory at 0x7741805000 of 6024 bytes failed: Only part of a ReadProcessMemory or WriteProcessMemory request was completed. (0x12B)
[0320/212831.541:ERROR:process_memory_win.cc(73)] ReadMemory at 0x7741807000 of 6024 bytes failed: Only part of a ReadProcessMemory or WriteProcessMemory request was completed. (0x12B)
[0320/212831.541:ERROR:process_memory_win.cc(73)] ReadMemory at 0x7741809000 of 6024 bytes failed: Only part of a ReadProcessMemory or WriteProcessMemory request was completed. (0x12B)
[0320/212831.541:ERROR:process_memory_win.cc(73)] ReadMemory at 0x774180b000 of 6024 bytes failed: Only part of a ReadProcessMemory or WriteProcessMemory request was completed. (0x12B)
[0320/212831.541:ERROR:process_memory_win.cc(73)] ReadMemory at 0x774180d000 of 6024 bytes failed: Only part of a ReadProcessMemory or WriteProcessMemory request was completed. (0x12B)
[0320/212831.541:ERROR:process_memory_win.cc(73)] ReadMemory at 0x774180f000 of 6024 bytes failed: Only part of a ReadProcessMemory or WriteProcessMemory request was completed. (0x12B)
[0320/212831.541:ERROR:process_memory_win.cc(73)] ReadMemory at 0x7741811000 of 6024 bytes failed: Only part of a ReadProcessMemory or WriteProcessMemory request was completed. (0x12B)
[0320/212831.541:ERROR:process_memory_win.cc(73)] ReadMemory at 0x7741813000 of 6024 bytes failed: Only part of a ReadProcessMemory or WriteProcessMemory request was completed. (0x12B)
[0320/212831.541:ERROR:process_memory_win.cc(73)] ReadMemory at 0x7741815000 of 6024 bytes failed: Only part of a ReadProcessMemory or WriteProcessMemory request was completed. (0x12B)
[0320/212831.541:ERROR:process_memory_win.cc(73)] ReadMemory at 0x7741817000 of 6024 bytes failed: Only part of a ReadProcessMemory or WriteProcessMemory request was completed. (0x12B)
[0320/212831.541:ERROR:process_memory_win.cc(73)] ReadMemory at 0x7741819000 of 6024 bytes failed: Only part of a ReadProcessMemory or WriteProcessMemory request was completed. (0x12B)
[0320/212831.541:ERROR:process_memory_win.cc(73)] ReadMemory at 0x774181b000 of 6024 bytes failed: Only part of a ReadProcessMemory or WriteProcessMemory request was completed. (0x12B)
[0320/212831.541:ERROR:process_memory_win.cc(73)] ReadMemory at 0x774181d000 of 6024 bytes failed: Only part of a ReadProcessMemory or WriteProcessMemory request was completed. (0x12B)
[0320/212831.541:ERROR:process_memory_win.cc(73)] ReadMemory at 0x774181f000 of 6024 bytes failed: Only part of a ReadProcessMemory or WriteProcessMemory request was completed. (0x12B)
[0320/212831.541:ERROR:process_memory_win.cc(73)] ReadMemory at 0x7741821000 of 6024 bytes failed: Only part of a ReadProcessMemory or WriteProcessMemory request was completed. (0x12B)
[0320/212831.541:ERROR:process_memory_win.cc(73)] ReadMemory at 0x1b2ca9b0fe0 of 6890 bytes failed: Only part of a ReadProcessMemory or WriteProcessMemory request was completed. (0x12B)
[0320/212831.541:ERROR:process_memory_win.cc(73)] ReadMemory at 0x1b2ca9b2ae0 of 1012 bytes failed: Only part of a ReadProcessMemory or WriteProcessMemory request was completed. (0x12B)
[0320/212831.541:ERROR:process_memory_win.cc(73)] ReadMemory at 0x1b2ca9b3128 of 118 bytes failed: Only part of a ReadProcessMemory or WriteProcessMemory request was completed. (0x12B)
[0320/212831.541:ERROR:process_memory_win.cc(73)] ReadMemory at 0x1b2ca9b31a0 of 1304 bytes failed: Only part of a ReadProcessMemory or WriteProcessMemory request was completed. (0x12B)
[0320/212831.541:ERROR:process_memory_win.cc(73)] ReadMemory at 0x1b2ca9b36ba of 118 bytes failed: Only part of a ReadProcessMemory or WriteProcessMemory request was completed. (0x12B)
[0320/212831.541:ERROR:process_memory_win.cc(73)] ReadMemory at 0x1b2ca9b3732 of 96 bytes failed: Only part of a ReadProcessMemory or WriteProcessMemory request was completed. (0x12B)
[0320/212831.541:ERROR:process_memory_win.cc(73)] ReadMemory at 0x1b2ca9b37a0 of 58 bytes failed: Only part of a ReadProcessMemory or WriteProcessMemory request was completed. (0x12B)
[0320/212831.541:ERROR:process_memory_win.cc(73)] ReadMemory at 0x1b2ca9b38a0 of 132 bytes failed: Only part of a ReadProcessMemory or WriteProcessMemory request was completed. (0x12B)
[0320/212831.541:ERROR:process_memory_win.cc(73)] ReadMemory at 0x1b2ca9b3a30 of 132 bytes failed: Only part of a ReadProcessMemory or WriteProcessMemory request was completed. (0x12B)
[0320/212831.541:ERROR:process_memory_win.cc(73)] ReadMemory at 0x1b2ca9b3bf0 of 126 bytes failed: Only part of a ReadProcessMemory or WriteProcessMemory request was completed. (0x12B)
[0320/212831.541:ERROR:process_memory_win.cc(73)] ReadMemory at 0x1b2ca9b3fd0 of 132 bytes failed: Only part of a ReadProcessMemory or WriteProcessMemory request was completed. (0x12B)
[0320/212831.541:ERROR:process_memory_win.cc(73)] ReadMemory at 0x1b2ca9b4160 of 64 bytes failed: Only part of a ReadProcessMemory or WriteProcessMemory request was completed. (0x12B)
[0320/212831.541:ERROR:process_memory_win.cc(73)] ReadMemory at 0x1b2ca9b41b0 of 132 bytes failed: Only part of a ReadProcessMemory or WriteProcessMemory request was completed. (0x12B)
[0320/212831.541:ERROR:process_memory_win.cc(73)] ReadMemory at 0x1b2ca9b4320 of 132 bytes failed: Only part of a ReadProcessMemory or WriteProcessMemory request was completed. (0x12B)
[0320/212831.541:ERROR:process_memory_win.cc(73)] ReadMemory at 0x1b2ca9b45c0 of 132 bytes failed: Only part of a ReadProcessMemory or WriteProcessMemory request was completed. (0x12B)
[0320/212831.541:ERROR:process_memory_win.cc(73)] ReadMemory at 0x1b2ca9b4750 of 68 bytes failed: Only part of a ReadProcessMemory or WriteProcessMemory request was completed. (0x12B)
[0320/212831.541:ERROR:process_memory_win.cc(73)] ReadMemory at 0x1b2ca9b5850 of 146 bytes failed: Only part of a ReadProcessMemory or WriteProcessMemory request was completed. (0x12B)
[0320/212831.541:ERROR:process_memory_win.cc(73)] ReadMemory at 0x1b2ca9b5930 of 132 bytes failed: Only part of a ReadProcessMemory or WriteProcessMemory request was completed. (0x12B)
[0320/212831.541:ERROR:process_memory_win.cc(73)] ReadMemory at 0x1b2ca9b5ac0 of 154 bytes failed: Only part of a ReadProcessMemory or WriteProcessMemory request was completed. (0x12B)
[0320/212831.541:ERROR:process_memory_win.cc(73)] ReadMemory at 0x1b2ca9b6da0 of 132 bytes failed: Only part of a ReadProcessMemory or WriteProcessMemory request was completed. (0x12B)
[0320/212831.541:ERROR:process_memory_win.cc(73)] ReadMemory at 0x1b2ca9b7c60 of 62 bytes failed: Only part of a ReadProcessMemory or WriteProcessMemory request was completed. (0x12B)
[0320/212831.541:ERROR:process_memory_win.cc(73)] ReadMemory at 0x1b2ca9b7d90 of 132 bytes failed: Only part of a ReadProcessMemory or WriteProcessMemory request was completed. (0x12B)
[0320/212831.541:ERROR:process_memory_win.cc(73)] ReadMemory at 0x1b2ca9b7ec0 of 60 bytes failed: Only part of a ReadProcessMemory or WriteProcessMemory request was completed. (0x12B)
[0320/212831.541:ERROR:process_memory_win.cc(73)] ReadMemory at 0x1b2ca9b7ff0 of 132 bytes failed: Only part of a ReadProcessMemory or WriteProcessMemory request was completed. (0x12B)
[0320/212831.541:ERROR:process_memory_win.cc(73)] ReadMemory at 0x1b2ca9bad50 of 132 bytes failed: Only part of a ReadProcessMemory or WriteProcessMemory request was completed. (0x12B)
[0320/212831.541:ERROR:process_memory_win.cc(73)] ReadMemory at 0x1b2ca9baee0 of 80 bytes failed: Only part of a ReadProcessMemory or WriteProcessMemory request was completed. (0x12B)
[0320/212831.541:ERROR:process_memory_win.cc(73)] ReadMemory at 0x1b2ca9bb0d0 of 62 bytes failed: Only part of a ReadProcessMemory or WriteProcessMemory request was completed. (0x12B)
[0320/212831.541:ERROR:process_memory_win.cc(73)] ReadMemory at 0x1b2ca9bb120 of 60 bytes failed: Only part of a ReadProcessMemory or WriteProcessMemory request was completed. (0x12B)
[0320/212831.541:ERROR:process_memory_win.cc(73)] ReadMemory at 0x1b2ca9bb260 of 60 bytes failed: Only part of a ReadProcessMemory or WriteProcessMemory request was completed. (0x12B)
[0320/212831.541:ERROR:process_memory_win.cc(73)] ReadMemory at 0x1b2ca9bb3a0 of 66 bytes failed: Only part of a ReadProcessMemory or WriteProcessMemory request was completed. (0x12B)
[0320/212831.556:ERROR:process_memory_win.cc(73)] ReadMemory at 0x1b2ca9bb440 of 64 bytes failed: Only part of a ReadProcessMemory or WriteProcessMemory request was completed. (0x12B)
[0320/212831.556:ERROR:process_memory_win.cc(73)] ReadMemory at 0x1b2ca9bb4e0 of 64 bytes failed: Only part of a ReadProcessMemory or WriteProcessMemory request was completed. (0x12B)
[0320/212831.556:ERROR:process_memory_win.cc(73)] ReadMemory at 0x1b2ca9bb620 of 64 bytes failed: Only part of a ReadProcessMemory or WriteProcessMemory request was completed. (0x12B)
[0320/212831.556:ERROR:process_memory_win.cc(73)] ReadMemory at 0x1b2ca9bb710 of 64 bytes failed: Only part of a ReadProcessMemory or WriteProcessMemory request was completed. (0x12B)
[0320/212831.556:ERROR:process_memory_win.cc(73)] ReadMemory at 0x1b2ca9bb760 of 62 bytes failed: Only part of a ReadProcessMemory or WriteProcessMemory request was completed. (0x12B)
[0320/212831.556:ERROR:process_memory_win.cc(73)] ReadMemory at 0x1b2ca9bbc90 of 80 bytes failed: Only part of a ReadProcessMemory or WriteProcessMemory request was completed. (0x12B)
[0320/212831.556:ERROR:process_memory_win.cc(73)] ReadMemory at 0x1b2ca9bc230 of 78 bytes failed: Only part of a ReadProcessMemory or WriteProcessMemory request was completed. (0x12B)
[0320/212831.556:ERROR:process_memory_win.cc(73)] ReadMemory at 0x1b2ca9bc470 of 76 bytes failed: Only part of a ReadProcessMemory or WriteProcessMemory request was completed. (0x12B)
[0320/212831.556:ERROR:process_memory_win.cc(73)] ReadMemory at 0x1b2ca9be3c0 of 132 bytes failed: Only part of a ReadProcessMemory or WriteProcessMemory request was completed. (0x12B)
[0320/212831.556:ERROR:process_memory_win.cc(73)] ReadMemory at 0x1b2ca9be4f0 of 132 bytes failed: Only part of a ReadProcessMemory or WriteProcessMemory request was completed. (0x12B)
[0320/212831.556:ERROR:process_memory_win.cc(73)] ReadMemory at 0x1b2ca9bee20 of 54 bytes failed: Only part of a ReadProcessMemory or WriteProcessMemory request was completed. (0x12B)
[0320/212831.556:ERROR:process_memory_win.cc(73)] ReadMemory at 0x1b2ca9c0400 of 132 bytes failed: Only part of a ReadProcessMemory or WriteProcessMemory request was completed. (0x12B)
[0320/212831.556:ERROR:process_memory_win.cc(73)] ReadMemory at 0x1b2ca9c0a80 of 132 bytes failed: Only part of a ReadProcessMemory or WriteProcessMemory request was completed. (0x12B)
[0320/212831.556:ERROR:process_memory_win.cc(73)] ReadMemory at 0x1b2ca9c0de0 of 132 bytes failed: Only part of a ReadProcessMemory or WriteProcessMemory request was completed. (0x12B)
[0320/212831.556:ERROR:process_memory_win.cc(73)] ReadMemory at 0x1b2ca9c1190 of 132 bytes failed: Only part of a ReadProcessMemory or WriteProcessMemory request was completed. (0x12B)
[0320/212831.556:ERROR:process_memory_win.cc(73)] ReadMemory at 0x1b2ca9c5500 of 132 bytes failed: Only part of a ReadProcessMemory or WriteProcessMemory request was completed. (0x12B)
[0320/212831.556:ERROR:process_memory_win.cc(73)] ReadMemory at 0x1b2ca9c5630 of 132 bytes failed: Only part of a ReadProcessMemory or WriteProcessMemory request was completed. (0x12B)
[0320/212831.556:ERROR:process_memory_win.cc(73)] ReadMemory at 0x1b2ca9c5760 of 132 bytes failed: Only part of a ReadProcessMemory or WriteProcessMemory request was completed. (0x12B)
[0320/212831.556:ERROR:process_memory_win.cc(73)] ReadMemory at 0x1b2ca9c5890 of 132 bytes failed: Only part of a ReadProcessMemory or WriteProcessMemory request was completed. (0x12B)
[0320/212831.556:ERROR:process_memory_win.cc(73)] ReadMemory at 0x1b2ca9c59c0 of 132 bytes failed: Only part of a ReadProcessMemory or WriteProcessMemory request was completed. (0x12B)
[0320/212831.556:ERROR:process_memory_win.cc(73)] ReadMemory at 0x1b2ca9c5af0 of 132 bytes failed: Only part of a ReadProcessMemory or WriteProcessMemory request was completed. (0x12B)
[0320/212831.556:ERROR:process_memory_win.cc(73)] ReadMemory at 0x1b2ca9c5c20 of 132 bytes failed: Only part of a ReadProcessMemory or WriteProcessMemory request was completed. (0x12B)
[0320/212831.556:ERROR:process_memory_win.cc(73)] ReadMemory at 0x1b2ca9c5d50 of 132 bytes failed: Only part of a ReadProcessMemory or WriteProcessMemory request was completed. (0x12B)
[0320/212831.556:ERROR:process_memory_win.cc(73)] ReadMemory at 0x1b2ca9c5e80 of 132 bytes failed: Only part of a ReadProcessMemory or WriteProcessMemory request was completed. (0x12B)
[0320/212831.556:ERROR:process_memory_win.cc(73)] ReadMemory at 0x1b2ca9c5fb0 of 132 bytes failed: Only part of a ReadProcessMemory or WriteProcessMemory request was completed. (0x12B)
[0320/212831.556:ERROR:process_memory_win.cc(73)] ReadMemory at 0x1b2ca9c60e0 of 132 bytes failed: Only part of a ReadProcessMemory or WriteProcessMemory request was completed. (0x12B)
[0320/212831.556:ERROR:process_memory_win.cc(73)] ReadMemory at 0x1b2ca9c6340 of 132 bytes failed: Only part of a ReadProcessMemory or WriteProcessMemory request was completed. (0x12B)
[0320/212831.556:ERROR:process_memory_win.cc(73)] ReadMemory at 0x1b2ca9c65f0 of 64 bytes failed: Only part of a ReadProcessMemory or WriteProcessMemory request was completed. (0x12B)
[0320/212831.556:ERROR:process_memory_win.cc(73)] ReadMemory at 0x1b2ca9c6780 of 62 bytes failed: Only part of a ReadProcessMemory or WriteProcessMemory request was completed. (0x12B)
[0320/212831.556:ERROR:process_memory_win.cc(73)] ReadMemory at 0x1b2ca9c6870 of 62 bytes failed: Only part of a ReadProcessMemory or WriteProcessMemory request was completed. (0x12B)
[0320/212831.556:ERROR:process_memory_win.cc(73)] ReadMemory at 0x1b2ca9c6960 of 60 bytes failed: Only part of a ReadProcessMemory or WriteProcessMemory request was completed. (0x12B)
[0320/212831.556:ERROR:process_memory_win.cc(73)] ReadMemory at 0x1b2ca9c69b0 of 58 bytes failed: Only part of a ReadProcessMemory or WriteProcessMemory request was completed. (0x12B)
[0320/212831.556:ERROR:process_memory_win.cc(73)] ReadMemory at 0x1b2ca9c6a50 of 62 bytes failed: Only part of a ReadProcessMemory or WriteProcessMemory request was completed. (0x12B)
[0320/212831.556:ERROR:process_memory_win.cc(73)] ReadMemory at 0x1b2ca9c6aa0 of 60 bytes failed: Only part of a ReadProcessMemory or WriteProcessMemory request was completed. (0x12B)
[0320/212831.556:ERROR:process_memory_win.cc(73)] ReadMemory at 0x1b2ca9c6c80 of 62 bytes failed: Only part of a ReadProcessMemory or WriteProcessMemory request was completed. (0x12B)
[0320/212831.556:ERROR:process_memory_win.cc(73)] ReadMemory at 0x1b2ca9c6e10 of 62 bytes failed: Only part of a ReadProcessMemory or WriteProcessMemory request was completed. (0x12B)
[0320/212831.556:ERROR:process_memory_win.cc(73)] ReadMemory at 0x1b2ca9c6eb0 of 62 bytes failed: Only part of a ReadProcessMemory or WriteProcessMemory request was completed. (0x12B)
[0320/212831.556:ERROR:process_memory_win.cc(73)] ReadMemory at 0x1b2ca9c7040 of 64 bytes failed: Only part of a ReadProcessMemory or WriteProcessMemory request was completed. (0x12B)
[0320/212831.556:ERROR:process_memory_win.cc(73)] ReadMemory at 0x1b2ca9c7090 of 60 bytes failed: Only part of a ReadProcessMemory or WriteProcessMemory request was completed. (0x12B)
[0320/212831.556:ERROR:process_memory_win.cc(73)] ReadMemory at 0x1b2ca9c70e0 of 66 bytes failed: Only part of a ReadProcessMemory or WriteProcessMemory request was completed. (0x12B)
[0320/212831.556:ERROR:process_memory_win.cc(73)] ReadMemory at 0x1b2ca9c7130 of 64 bytes failed: Only part of a ReadProcessMemory or WriteProcessMemory request was completed. (0x12B)
[0320/212831.556:ERROR:process_memory_win.cc(73)] ReadMemory at 0x1b2ca9c7180 of 62 bytes failed: Only part of a ReadProcessMemory or WriteProcessMemory request was completed. (0x12B)
[0320/212831.556:ERROR:process_memory_win.cc(73)] ReadMemory at 0x1b2ca9c7270 of 60 bytes failed: Only part of a ReadProcessMemory or WriteProcessMemory request was completed. (0x12B)
[0320/212831.556:ERROR:process_memory_win.cc(73)] ReadMemory at 0x1b2ca9c72c0 of 62 bytes failed: Only part of a ReadProcessMemory or WriteProcessMemory request was completed. (0x12B)
[0320/212831.556:ERROR:process_memory_win.cc(73)] ReadMemory at 0x1b2ca9c7400 of 64 bytes failed: Only part of a ReadProcessMemory or WriteProcessMemory request was completed. (0x12B)
[0320/212831.556:ERROR:process_memory_win.cc(73)] ReadMemory at 0x1b2ca9c7600 of 132 bytes failed: Only part of a ReadProcessMemory or WriteProcessMemory request was completed. (0x12B)
[0320/212831.556:ERROR:process_memory_win.cc(73)] ReadMemory at 0x1b2ca9c7860 of 132 bytes failed: Only part of a ReadProcessMemory or WriteProcessMemory request was completed. (0x12B)
[0320/212831.556:ERROR:process_memory_win.cc(73)] ReadMemory at 0x1b2ca9c7ac0 of 132 bytes failed: Only part of a ReadProcessMemory or WriteProcessMemory request was completed. (0x12B)
[0320/212831.556:ERROR:process_memory_win.cc(73)] ReadMemory at 0x1b2ca9c7bf0 of 132 bytes failed: Only part of a ReadProcessMemory or WriteProcessMemory request was completed. (0x12B)
[0320/212831.556:ERROR:process_memory_win.cc(73)] ReadMemory at 0x1b2ca9c7d20 of 132 bytes failed: Only part of a ReadProcessMemory or WriteProcessMemory request was completed. (0x12B)
[0320/212831.556:ERROR:process_memory_win.cc(73)] ReadMemory at 0x1b2ca9c7e50 of 132 bytes failed: Only part of a ReadProcessMemory or WriteProcessMemory request was completed. (0x12B)
[0320/212831.556:ERROR:process_memory_win.cc(73)] ReadMemory at 0x1b2ca9c7f80 of 132 bytes failed: Only part of a ReadProcessMemory or WriteProcessMemory request was completed. (0x12B)
[0320/212831.556:ERROR:process_memory_win.cc(73)] ReadMemory at 0x1b2ca9c80b0 of 132 bytes failed: Only part of a ReadProcessMemory or WriteProcessMemory request was completed. (0x12B)
[0320/212831.556:ERROR:process_memory_win.cc(73)] ReadMemory at 0x1b2ca9c8310 of 132 bytes failed: Only part of a ReadProcessMemory or WriteProcessMemory request was completed. (0x12B)
[0320/212831.556:ERROR:process_memory_win.cc(73)] ReadMemory at 0x1b2ca9c8440 of 132 bytes failed: Only part of a ReadProcessMemory or WriteProcessMemory request was completed. (0x12B)
[0320/212831.556:ERROR:process_memory_win.cc(73)] ReadMemory at 0x1b2ca9c8570 of 132 bytes failed: Only part of a ReadProcessMemory or WriteProcessMemory request was completed. (0x12B)
[0320/212831.556:ERROR:process_memory_win.cc(73)] ReadMemory at 0x1b2ca9c86a0 of 132 bytes failed: Only part of a ReadProcessMemory or WriteProcessMemory request was completed. (0x12B)
[0320/212831.556:ERROR:process_memory_win.cc(73)] ReadMemory at 0x1b2ca9c87d0 of 132 bytes failed: Only part of a ReadProcessMemory or WriteProcessMemory request was completed. (0x12B)
[0320/212831.556:ERROR:process_memory_win.cc(73)] ReadMemory at 0x1b2ca9c8900 of 132 bytes failed: Only part of a ReadProcessMemory or WriteProcessMemory request was completed. (0x12B)
[0320/212831.556:ERROR:process_memory_win.cc(73)] ReadMemory at 0x1b2ca9c8a30 of 132 bytes failed: Only part of a ReadProcessMemory or WriteProcessMemory request was completed. (0x12B)
[0320/212831.556:ERROR:process_memory_win.cc(73)] ReadMemory at 0x1b2ca9c8b60 of 132 bytes failed: Only part of a ReadProcessMemory or WriteProcessMemory request was completed. (0x12B)
[0320/212831.556:ERROR:process_memory_win.cc(73)] ReadMemory at 0x1b2ca9c8c90 of 132 bytes failed: Only part of a ReadProcessMemory or WriteProcessMemory request was completed. (0x12B)
[0320/212831.556:ERROR:process_memory_win.cc(73)] ReadMemory at 0x1b2ca9c8dc0 of 132 bytes failed: Only part of a ReadProcessMemory or WriteProcessMemory request was completed. (0x12B)
[0320/212831.556:ERROR:process_memory_win.cc(73)] ReadMemory at 0x1b2ca9c8ef0 of 132 bytes failed: Only part of a ReadProcessMemory or WriteProcessMemory request was completed. (0x12B)
[0320/212831.556:ERROR:process_memory_win.cc(73)] ReadMemory at 0x1b2ca9c9020 of 132 bytes failed: Only part of a ReadProcessMemory or WriteProcessMemory request was completed. (0x12B)
[0320/212831.556:ERROR:process_memory_win.cc(73)] ReadMemory at 0x1b2ca9c9150 of 132 bytes failed: Only part of a ReadProcessMemory or WriteProcessMemory request was completed. (0x12B)
[0320/212831.556:ERROR:process_memory_win.cc(73)] ReadMemory at 0x1b2ca9dc3f0 of 60 bytes failed: Only part of a ReadProcessMemory or WriteProcessMemory request was completed. (0x12B)
[0320/212831.556:ERROR:process_memory_win.cc(73)] ReadMemory at 0x1b2ca9dc440 of 60 bytes failed: Only part of a ReadProcessMemory or WriteProcessMemory request was completed. (0x12B)
[0320/212831.556:ERROR:process_memory_win.cc(73)] ReadMemory at 0x1b2ca9dc620 of 58 bytes failed: Only part of a ReadProcessMemory or WriteProcessMemory request was completed. (0x12B)
[0320/212831.556:ERROR:process_memory_win.cc(73)] ReadMemory at 0x1b2ca9dc670 of 62 bytes failed: Only part of a ReadProcessMemory or WriteProcessMemory request was completed. (0x12B)
[0320/212831.556:ERROR:process_memory_win.cc(73)] ReadMemory at 0x1b2ca9dc710 of 58 bytes failed: Only part of a ReadProcessMemory or WriteProcessMemory request was completed. (0x12B)
[0320/212831.556:ERROR:process_memory_win.cc(73)] ReadMemory at 0x1b2ca9dc760 of 62 bytes failed: Only part of a ReadProcessMemory or WriteProcessMemory request was completed. (0x12B)
[0320/212831.556:ERROR:process_memory_win.cc(73)] ReadMemory at 0x1b2ca9dc7b0 of 64 bytes failed: Only part of a ReadProcessMemory or WriteProcessMemory request was completed. (0x12B)
[0320/212831.556:ERROR:process_memory_win.cc(73)] ReadMemory at 0x1b2ca9dc8f0 of 66 bytes failed: Only part of a ReadProcessMemory or WriteProcessMemory request was completed. (0x12B)
[0320/212831.556:ERROR:process_memory_win.cc(73)] ReadMemory at 0x1b2ca9dc940 of 62 bytes failed: Only part of a ReadProcessMemory or WriteProcessMemory request was completed. (0x12B)
[0320/212831.556:ERROR:process_memory_win.cc(73)] ReadMemory at 0x1b2ca9dcee0 of 58 bytes failed: Only part of a ReadProcessMemory or WriteProcessMemory request was completed. (0x12B)
[0320/212831.556:ERROR:process_memory_win.cc(73)] ReadMemory at 0x1b2ca9e9800 of 512 bytes failed: Only part of a ReadProcessMemory or WriteProcessMemory request was completed. (0x12B)
[0320/212831.556:ERROR:process_memory_win.cc(73)] ReadMemory at 0x1b2ca9ea5a0 of 512 bytes failed: Only part of a ReadProcessMemory or WriteProcessMemory request was completed. (0x12B)
[0320/212831.556:ERROR:process_memory_win.cc(73)] ReadMemory at 0x1b2caba0dc0 of 512 bytes failed: Only part of a ReadProcessMemory or WriteProcessMemory request was completed. (0x12B)
[0320/212831.556:ERROR:process_memory_win.cc(73)] ReadMemory at 0x1b2caba1180 of 512 bytes failed: Only part of a ReadProcessMemory or WriteProcessMemory request was completed. (0x12B)
[0320/212831.556:ERROR:process_memory_win.cc(73)] ReadMemory at 0x1b2caba1a80 of 512 bytes failed: Only part of a ReadProcessMemory or WriteProcessMemory request was completed. (0x12B)
[0320/212831.556:ERROR:process_memory_win.cc(73)] ReadMemory at 0x1b2caca0000 of 384 bytes failed: Only part of a ReadProcessMemory or WriteProcessMemory request was completed. (0x12B)
[0320/212831.556:ERROR:process_memory_win.cc(73)] ReadMemory at 0x1b2cad54820 of 512 bytes failed: Only part of a ReadProcessMemory or WriteProcessMemory request was completed. (0x12B)
[0320/212831.556:ERROR:process_memory_win.cc(73)] ReadMemory at 0x1b2cad59df0 of 512 bytes failed: Only part of a ReadProcessMemory or WriteProcessMemory request was completed. (0x12B)
[0320/212831.556:ERROR:process_memory_win.cc(73)] ReadMemory at 0x1b2cad79b10 of 512 bytes failed: Only part of a ReadProcessMemory or WriteProcessMemory request was completed. (0x12B)
[0320/212831.556:ERROR:process_memory_win.cc(73)] ReadMemory at 0x1b2cad80d50 of 512 bytes failed: Only part of a ReadProcessMemory or WriteProcessMemory request was completed. (0x12B)
[0320/212831.556:ERROR:process_memory_win.cc(73)] ReadMemory at 0x1b2cad8a978 of 512 bytes failed: Only part of a ReadProcessMemory or WriteProcessMemory request was completed. (0x12B)
[0320/212831.556:ERROR:process_memory_win.cc(73)] ReadMemory at 0x1b2cad8b398 of 512 bytes failed: Only part of a ReadProcessMemory or WriteProcessMemory request was completed. (0x12B)
[0320/212831.556:ERROR:process_memory_win.cc(73)] ReadMemory at 0x1b2cad8c628 of 512 bytes failed: Only part of a ReadProcessMemory or WriteProcessMemory request was completed. (0x12B)
[0320/212831.556:ERROR:process_memory_win.cc(73)] ReadMemory at 0x1b2cad944c0 of 512 bytes failed: Only part of a ReadProcessMemory or WriteProcessMemory request was completed. (0x12B)
[0320/212831.556:ERROR:process_memory_win.cc(73)] ReadMemory at 0x1b2cad96d80 of 712 bytes failed: Only part of a ReadProcessMemory or WriteProcessMemory request was completed. (0x12B)
[0320/212831.556:ERROR:process_memory_win.cc(73)] ReadMemory at 0x1b2caddd010 of 512 bytes failed: Only part of a ReadProcessMemory or WriteProcessMemory request was completed. (0x12B)
[0320/212831.556:ERROR:process_memory_win.cc(73)] ReadMemory at 0x1b2cce00000 of 384 bytes failed: Only part of a ReadProcessMemory or WriteProcessMemory request was completed. (0x12B)
[0320/212831.556:ERROR:process_memory_win.cc(73)] ReadMemory at 0x1b2ccf129b0 of 512 bytes failed: Only part of a ReadProcessMemory or WriteProcessMemory request was completed. (0x12B)
[0320/212831.556:ERROR:process_memory_win.cc(73)] ReadMemory at 0x1b2ccf66eb8 of 512 bytes failed: Only part of a ReadProcessMemory or WriteProcessMemory request was completed. (0x12B)
[0320/212831.556:ERROR:process_memory_win.cc(73)] ReadMemory at 0x1b2cd52fbb8 of 512 bytes failed: Only part of a ReadProcessMemory or WriteProcessMemory request was completed. (0x12B)
[0320/212831.556:ERROR:process_memory_win.cc(73)] ReadMemory at 0x7fff59cf4725 of 512 bytes failed: Only part of a ReadProcessMemory or WriteProcessMemory request was completed. (0x12B)
[0320/212831.556:ERROR:process_memory_win.cc(73)] ReadMemory at 0x7fff5a6d7610 of 512 bytes failed: Only part of a ReadProcessMemory or WriteProcessMemory request was completed. (0x12B)
[0320/212831.556:ERROR:process_memory_win.cc(73)] ReadMemory at 0x7fff5be4054c of 512 bytes failed: Only part of a ReadProcessMemory or WriteProcessMemory request was completed. (0x12B)
[0320/212831.556:ERROR:process_memory_win.cc(73)] ReadMemory at 0x7fff600561b8 of 512 bytes failed: Only part of a ReadProcessMemory or WriteProcessMemory request was completed. (0x12B)
[0320/212831.556:ERROR:process_memory_win.cc(73)] ReadMemory at 0x7fff60ca6d48 of 512 bytes failed: Only part of a ReadProcessMemory or WriteProcessMemory request was completed. (0x12B)
[0320/212831.556:ERROR:process_memory_win.cc(73)] ReadMemory at 0x7fffcab0b720 of 512 bytes failed: Only part of a ReadProcessMemory or WriteProcessMemory request was completed. (0x12B)
[0320/212831.556:ERROR:process_memory_win.cc(73)] ReadMemory at 0x7fffcd1dc0c4 of 672 bytes failed: Only part of a ReadProcessMemory or WriteProcessMemory request was completed. (0x12B)
[0320/212831.556:ERROR:process_memory_win.cc(73)] ReadMemory at 0x7fffcd1dc6c4 of 512 bytes failed: Only part of a ReadProcessMemory or WriteProcessMemory request was completed. (0x12B)
[0320/212831.556:ERROR:process_memory_win.cc(73)] ReadMemory at 0x7fffcd1df974 of 608 bytes failed: Only part of a ReadProcessMemory or WriteProcessMemory request was completed. (0x12B)
[0320/212831.556:ERROR:process_memory_win.cc(73)] ReadMemory at 0x7fffcd26c428 of 18 bytes failed: Only part of a ReadProcessMemory or WriteProcessMemory request was completed. (0x12B)
[0320/212831.556:ERROR:process_memory_win.cc(73)] ReadMemory at 0x7fffcd29f4f8 of 40 bytes failed: Only part of a ReadProcessMemory or WriteProcessMemory request was completed. (0x12B)
[0320/212831.556:ERROR:process_memory_win.cc(73)] ReadMemory at 0x7fffcd29f978 of 48 bytes failed: Only part of a ReadProcessMemory or WriteProcessMemory request was completed. (0x12B)
[0320/212831.556:ERROR:process_memory_win.cc(73)] ReadMemory at 0x7fffcd2a53c0 of 64 bytes failed: Only part of a ReadProcessMemory or WriteProcessMemory request was completed. (0x12B)
[0320/212831.556:ERROR:scoped_process_suspend.cc(40)] NtResumeProcess: An attempt was made to access an exiting process. (0xc000010a)
